2023.05.13 23:03:44 INFO  Started: Metals version 0.11.12 in workspace 'C:\Users\Lev\Desktop\Scala Project' for client Visual Studio Code 1.77.3.
мая 13, 2023 11:03:45 PM org.flywaydb.core.internal.license.VersionPrinter printVersionOnly
INFO: Flyway Community Edition 9.16.3 by Redgate
мая 13, 2023 11:03:45 PM org.flywaydb.core.internal.license.VersionPrinter printVersion
INFO: See release notes here: https://rd.gt/416ObMi
мая 13, 2023 11:03:45 PM org.flywaydb.core.internal.license.VersionPrinter printVersion
INFO: 
мая 13, 2023 11:03:45 PM org.flywaydb.core.internal.database.base.BaseDatabaseType createDatabase
INFO: Database: jdbc:h2:file:C:\Users\Lev\Desktop\Scala Project\.metals\metals (H2 2.1)
мая 13, 2023 11:03:45 PM org.flywaydb.core.internal.schemahistory.JdbcTableSchemaHistory allAppliedMigrations
INFO: Schema history table "PUBLIC"."flyway_schema_history" does not exist yet
мая 13, 2023 11:03:45 PM org.flywaydb.core.internal.command.DbValidate validate
INFO: Successfully validated 4 migrations (execution time 00:00.021s)
мая 13, 2023 11:03:45 PM org.flywaydb.core.internal.schemahistory.JdbcTableSchemaHistory create
INFO: Creating Schema History table "PUBLIC"."flyway_schema_history" ...
мая 13, 2023 11:03:45 PM org.flywaydb.core.internal.command.DbMigrate migrateGroup
INFO: Current version of schema "PUBLIC": << Empty Schema >>
мая 13, 2023 11:03:45 PM org.flywaydb.core.internal.command.DbMigrate doMigrateGroup
INFO: Migrating schema "PUBLIC" to version "1 - Create tables"
мая 13, 2023 11:03:45 PM org.flywaydb.core.internal.command.DbMigrate doMigrateGroup
INFO: Migrating schema "PUBLIC" to version "2 - Server discovery"
мая 13, 2023 11:03:45 PM org.flywaydb.core.internal.command.DbMigrate doMigrateGroup
INFO: Migrating schema "PUBLIC" to version "3 - Jar symbols"
мая 13, 2023 11:03:45 PM org.flywaydb.core.internal.command.DbMigrate doMigrateGroup
INFO: Migrating schema "PUBLIC" to version "4 - Fingerprints"
мая 13, 2023 11:03:45 PM org.flywaydb.core.internal.command.DbMigrate logSummary
INFO: Successfully applied 4 migrations to schema "PUBLIC", now at version v4 (execution time 00:00.055s)
2023.05.13 23:03:45 INFO  time: initialize in 0.77s
2023.05.13 23:03:46 WARN  Build server is not auto-connectable.
2023.05.13 23:03:46 WARN  no build tool detected in workspace 'C:\Users\Lev\Desktop\Scala Project'. The most common cause for this problem is that the editor was opened in the wrong working directory, for example if you use sbt then the workspace directory should contain build.sbt. 
2023.05.13 23:08:55 INFO  
2023.05.13 23:08:55 INFO  Template applied in C:\Users\Lev\Desktop\Scala Project\.\res_energy
2023.05.13 23:08:55 INFO  
2023.05.13 23:08:55 INFO  time: ran 'giter8.Giter8' in 8.63s
